<?xml version="1.0" encoding="UTF-8"?>
<!-- Generated by org.testng.reporters.JUnitReportReporter -->
<testsuite skipped="0" hostname="Sathishs-MacBook-Pro.local" name="tests.testIFrame" tests="1" failures="0" timestamp="04 Sep 2018 06:11:31 GMT" time="12.834" errors="0">
  <testcase name="test" time="12.834" classname="tests.testIFrame"/>
</testsuite> <!-- tests.testIFrame -->
