<?xml version="1.0" encoding="UTF-8"?>
<!-- Generated by org.testng.reporters.JUnitReportReporter -->
<testsuite skipped="0" hostname="Sathishs-MBP.gateway" name="tests.testIFrame" tests="2" failures="0" timestamp="04 Sep 2018 12:41:52 GMT" time="37.304" errors="0">
  <testcase name="addNewEmployee" time="20.684" classname="tests.testIFrame"/>
  <testcase name="registrationConfirmation" time="16.620" classname="tests.testIFrame"/>
</testsuite> <!-- tests.testIFrame -->
