<?xml version="1.0" encoding="UTF-8"?>
<!-- Generated by org.testng.reporters.JUnitReportReporter -->
<testsuite skipped="0" hostname="Sathishs-MBP.gateway" name="tests.testIFrame" tests="1" failures="0" timestamp="04 Sep 2018 10:50:49 GMT" time="1.393" errors="0">
  <testcase name="test" time="1.393" classname="tests.testIFrame"/>
</testsuite> <!-- tests.testIFrame -->
